Unknown command: 'runsever'. Did you mean runserver?
Type 'manage.py help' for usage.
Unknown command: 'runsever'. Did you mean runserver?
Type 'manage.py help' for usage.
Unknown command: 'runsever'. Did you mean runserver?
Type 'manage.py help' for usage.
2020-11-05 11:10:40.431556: W tensorflow/stream_executor/platform/default/dso_loader.cc:59] Could not load dynamic library 'libcudart.so.10.1'; dlerror: libcudart.so.10.1: cannot open shared object file: No such file or directory
2020-11-05 11:10:40.431604: I tensorflow/stream_executor/cuda/cudart_stub.cc:29] Ignore above cudart dlerror if you do not have a GPU set up on your machine.
[05/Nov/2020 11:10:46] "POST /accounts/login/ HTTP/1.1" 200 231
[05/Nov/2020 11:10:47] "GET /schedules/ HTTP/1.1" 200 2266
Invalid HTTP_HOST header: ''. The domain name provided is not valid according to RFC 1034/1035.
Bad Request: /manager/html
[05/Nov/2020 12:17:21] "GET /manager/html HTTP/1.1" 400 61180
Not Found: /hudson
[05/Nov/2020 12:24:09] "GET /hudson HTTP/1.1" 404 2410
[05/Nov/2020 12:57:30] "POST /accounts/login/ HTTP/1.1" 200 231
[05/Nov/2020 12:57:30] "GET /schedules/ HTTP/1.1" 200 2266
[05/Nov/2020 12:57:39] "GET /projects/ HTTP/1.1" 200 144
[05/Nov/2020 12:57:54] "GET /projects/ HTTP/1.1" 200 144
[05/Nov/2020 12:57:55] "GET /schedules/ HTTP/1.1" 200 2266
[05/Nov/2020 12:58:55] "GET /projects/ HTTP/1.1" 200 144
[05/Nov/2020 12:59:00] "POST /accounts/login/ HTTP/1.1" 200 231
[05/Nov/2020 12:59:00] "GET /schedules/ HTTP/1.1" 200 2266
[05/Nov/2020 12:59:04] "OPTIONS /schedules/ HTTP/1.1" 200 0
[05/Nov/2020 12:59:04] "GET /schedules/ HTTP/1.1" 200 2266
[05/Nov/2020 13:09:10] "OPTIONS /accounts/login/ HTTP/1.1" 200 0
[05/Nov/2020 13:09:10] "POST /accounts/login/ HTTP/1.1" 200 3
[05/Nov/2020 13:09:15] "OPTIONS /accounts/join/ HTTP/1.1" 200 0
[05/Nov/2020 13:09:15] "POST /accounts/join/ HTTP/1.1" 200 242
[05/Nov/2020 13:09:15] "OPTIONS /schedules/ HTTP/1.1" 200 0
[05/Nov/2020 13:09:15] "GET /schedules/ HTTP/1.1" 200 2
[05/Nov/2020 13:09:18] "POST /accounts/login/ HTTP/1.1" 200 242
[05/Nov/2020 13:09:18] "GET /schedules/ HTTP/1.1" 200 2
[05/Nov/2020 13:09:22] "GET /schedules/ HTTP/1.1" 200 2
[05/Nov/2020 13:12:11] "OPTIONS /projects/ HTTP/1.1" 200 0
[05/Nov/2020 13:12:11] "GET /projects/ HTTP/1.1" 200 2
[05/Nov/2020 13:20:49] "OPTIONS /accounts/login/ HTTP/1.1" 200 0
[05/Nov/2020 13:20:49] "POST /accounts/login/ HTTP/1.1" 200 231
[05/Nov/2020 13:20:49] "GET /schedules/ HTTP/1.1" 200 2266
[05/Nov/2020 13:20:52] "OPTIONS /projects/ HTTP/1.1" 200 0
[05/Nov/2020 13:20:52] "GET /projects/ HTTP/1.1" 200 144
[05/Nov/2020 13:20:53] "GET /schedules/ HTTP/1.1" 200 2266
[05/Nov/2020 13:21:35] "OPTIONS /accounts/login/ HTTP/1.1" 200 0
[05/Nov/2020 13:21:35] "POST /accounts/login/ HTTP/1.1" 200 231
[05/Nov/2020 13:21:35] "OPTIONS /schedules/ HTTP/1.1" 200 0
[05/Nov/2020 13:21:35] "GET /schedules/ HTTP/1.1" 200 2266
[05/Nov/2020 13:21:44] "GET /schedules/ HTTP/1.1" 200 2266
[05/Nov/2020 13:22:14] "POST /accounts/login/ HTTP/1.1" 200 231
[05/Nov/2020 13:22:14] "GET /schedules/ HTTP/1.1" 200 2266
[05/Nov/2020 13:22:17] "GET /projects/ HTTP/1.1" 200 144
[05/Nov/2020 13:24:59] "GET /schedules/ HTTP/1.1" 200 2
[05/Nov/2020 13:25:11] "GET /schedules/ HTTP/1.1" 200 2
[05/Nov/2020 13:25:14] "GET /projects/ HTTP/1.1" 200 2
[05/Nov/2020 13:25:18] "GET /schedules/ HTTP/1.1" 200 2
[05/Nov/2020 13:25:49] "GET /projects/ HTTP/1.1" 200 2
[05/Nov/2020 13:25:50] "GET /schedules/ HTTP/1.1" 200 2
[05/Nov/2020 13:25:52] "GET /schedules/ HTTP/1.1" 200 2266
[05/Nov/2020 13:25:55] "GET /projects/ HTTP/1.1" 200 144
[05/Nov/2020 13:26:07] "GET /projects/ HTTP/1.1" 200 2
[05/Nov/2020 13:26:12] "GET /schedules/ HTTP/1.1" 200 2
[05/Nov/2020 13:26:16] "GET /projects/ HTTP/1.1" 200 144
[05/Nov/2020 13:26:16] "GET /schedules/ HTTP/1.1" 200 2266
[05/Nov/2020 13:26:18] "GET /projects/ HTTP/1.1" 200 2
[05/Nov/2020 13:26:20] "GET /schedules/ HTTP/1.1" 200 2
[05/Nov/2020 13:26:20] "GET /projects/ HTTP/1.1" 200 144
[05/Nov/2020 13:26:26] "GET /schedules/ HTTP/1.1" 200 2266
[05/Nov/2020 13:26:41] "GET /projects/ HTTP/1.1" 200 144
[05/Nov/2020 13:26:56] "GET /schedules/ HTTP/1.1" 200 2266
[05/Nov/2020 13:27:03] "GET /projects/ HTTP/1.1" 200 144
[05/Nov/2020 13:33:38] "GET /schedules/ HTTP/1.1" 200 2266
[05/Nov/2020 13:33:39] "GET /projects/ HTTP/1.1" 200 144
[05/Nov/2020 13:33:47] "GET /projects/ HTTP/1.1" 200 144
[05/Nov/2020 13:33:48] "GET /projects/ HTTP/1.1" 200 144
[05/Nov/2020 13:33:52] "GET /projects/ HTTP/1.1" 200 144
[05/Nov/2020 13:33:54] "GET /schedules/ HTTP/1.1" 200 2266
[05/Nov/2020 13:34:20] "GET /schedules/ HTTP/1.1" 200 2266
[05/Nov/2020 13:34:24] "GET /schedules/ HTTP/1.1" 200 2266
[05/Nov/2020 13:39:01] "GET /schedules/ HTTP/1.1" 200 2
[05/Nov/2020 13:39:08] "GET /schedules/ HTTP/1.1" 200 2
[05/Nov/2020 13:39:11] "GET /projects/ HTTP/1.1" 200 2
[05/Nov/2020 13:39:37] "GET /projects/ HTTP/1.1" 200 2
[05/Nov/2020 13:42:04] "GET /schedules/ HTTP/1.1" 200 2266
[05/Nov/2020 13:43:50] "GET /projects/ HTTP/1.1" 200 144
[05/Nov/2020 13:44:21] "GET /projects/ HTTP/1.1" 200 144
[05/Nov/2020 13:44:51] "GET /schedules/ HTTP/1.1" 200 2266
[05/Nov/2020 13:44:54] "GET /projects/ HTTP/1.1" 200 144
[05/Nov/2020 13:47:40] "GET /schedules/ HTTP/1.1" 200 2
Not Found: /Telerik.Web.UI.WebResource.axd
[05/Nov/2020 13:59:06] "GET /Telerik.Web.UI.WebResource.axd?type=rau HTTP/1.1" 404 2491
[05/Nov/2020 14:06:06] "OPTIONS /schedules/ HTTP/1.1" 200 0
[05/Nov/2020 14:06:06] "GET /schedules/ HTTP/1.1" 200 2
[05/Nov/2020 14:06:08] "OPTIONS /projects/ HTTP/1.1" 200 0
[05/Nov/2020 14:06:08] "GET /projects/ HTTP/1.1" 200 2
[05/Nov/2020 14:06:10] "GET /accounts/user/ HTTP/1.1" 200 980
[05/Nov/2020 14:07:29] "GET /projects/ HTTP/1.1" 200 144
[05/Nov/2020 14:07:49] "GET /schedules/ HTTP/1.1" 200 2266
[05/Nov/2020 14:07:50] "GET /projects/ HTTP/1.1" 200 144
[05/Nov/2020 14:09:14] "GET /schedules/ HTTP/1.1" 200 2266
[05/Nov/2020 14:09:14] "GET /projects/ HTTP/1.1" 200 144
[05/Nov/2020 14:09:19] "GET /schedules/ HTTP/1.1" 200 2266
[05/Nov/2020 14:09:24] "GET /schedules/ HTTP/1.1" 200 2266
2020-11-05 14:10:10.532600: W tensorflow/stream_executor/platform/default/dso_loader.cc:59] Could not load dynamic library 'libcudart.so.10.1'; dlerror: libcudart.so.10.1: cannot open shared object file: No such file or directory
2020-11-05 14:10:10.532655: I tensorflow/stream_executor/cuda/cudart_stub.cc:29] Ignore above cudart dlerror if you do not have a GPU set up on your machine.
[05/Nov/2020 14:10:22] "GET /projects/ HTTP/1.1" 200 144
[05/Nov/2020 14:10:22] "GET /schedules/ HTTP/1.1" 200 2266
[05/Nov/2020 14:10:37] "GET /projects/ HTTP/1.1" 200 144
[05/Nov/2020 14:10:38] "GET /schedules/ HTTP/1.1" 200 2266
[05/Nov/2020 14:10:39] "GET /projects/ HTTP/1.1" 200 144
[05/Nov/2020 14:16:07] "GET /schedules/ HTTP/1.1" 200 2266
[05/Nov/2020 14:16:15] "GET /schedules/ HTTP/1.1" 200 2266
[05/Nov/2020 14:16:19] "GET /projects/ HTTP/1.1" 200 144
[05/Nov/2020 14:16:20] "GET /accounts/user/ HTTP/1.1" 200 980
[05/Nov/2020 14:19:25] "OPTIONS /projects/ HTTP/1.1" 200 0
[05/Nov/2020 14:19:25] "GET /projects/ HTTP/1.1" 200 144
[05/Nov/2020 14:19:27] "OPTIONS /projects/36/all_task_list/ HTTP/1.1" 200 0
Bad Request: /projects/36/all_task_list/
[05/Nov/2020 14:19:27] "GET /projects/36/all_task_list/ HTTP/1.1" 400 0
[05/Nov/2020 14:19:28] "GET /projects/36/members/ HTTP/1.1" 200 1526
[05/Nov/2020 14:19:28] "GET /projects/36/2020-11-05/task_list HTTP/1.1" 301 0
/home/ubuntu/myvenv/lib/python3.6/site-packages/django/db/models/fields/__init__.py:1421: RuntimeWarning: DateTimeField Meeting.time received a naive datetime (2020-11-05 00:00:00) while time zone support is active.
  RuntimeWarning)
/home/ubuntu/myvenv/lib/python3.6/site-packages/django/db/models/fields/__init__.py:1421: RuntimeWarning: DateTimeField Meeting.time received a naive datetime (2020-11-05 23:59:59) while time zone support is active.
  RuntimeWarning)
[05/Nov/2020 14:19:29] "GET /projects/36/2020-11-05/task_list/ HTTP/1.1" 200 2
[05/Nov/2020 14:19:29] "GET /projects/36/2020-11-05/meeting/ HTTP/1.1" 200 44
[05/Nov/2020 14:23:40] "GET /projects/ HTTP/1.1" 200 2
[05/Nov/2020 14:23:40] "GET /accounts/user/ HTTP/1.1" 200 980
[05/Nov/2020 14:31:30] "GET /projects/ HTTP/1.1" 200 2
[05/Nov/2020 14:31:30] "GET /accounts/user/ HTTP/1.1" 200 980
[05/Nov/2020 14:35:45] "GET /accounts/user/ HTTP/1.1" 200 980
[05/Nov/2020 14:35:45] "GET /projects/ HTTP/1.1" 200 2
[05/Nov/2020 14:37:00] "GET /accounts/user/ HTTP/1.1" 200 980
[05/Nov/2020 14:37:00] "GET /projects/ HTTP/1.1" 200 2
[05/Nov/2020 14:42:51] "GET /schedules/ HTTP/1.1" 200 2266
[05/Nov/2020 14:42:52] "GET /projects/ HTTP/1.1" 200 144
[05/Nov/2020 14:50:27] "OPTIONS /schedules/ HTTP/1.1" 200 0
[05/Nov/2020 14:50:27] "GET /schedules/ HTTP/1.1" 200 2266
[05/Nov/2020 14:50:31] "OPTIONS /projects/ HTTP/1.1" 200 0
[05/Nov/2020 14:50:31] "GET /projects/ HTTP/1.1" 200 144
[05/Nov/2020 14:50:32] "GET /schedules/ HTTP/1.1" 200 2266
[05/Nov/2020 14:50:32] "GET /projects/ HTTP/1.1" 200 144
[05/Nov/2020 14:50:33] "GET /accounts/user/ HTTP/1.1" 200 980
[05/Nov/2020 14:52:43] "POST /accounts/login/ HTTP/1.1" 200 231
[05/Nov/2020 14:52:43] "GET /schedules/ HTTP/1.1" 200 2266
[05/Nov/2020 14:53:11] "GET /accounts/user/ HTTP/1.1" 200 980
[05/Nov/2020 14:53:11] "GET /projects/ HTTP/1.1" 200 2
Not Found: /
[05/Nov/2020 14:56:46] "GET / HTTP/1.1" 404 2374
[05/Nov/2020 14:57:19] "GET /accounts/user/ HTTP/1.1" 200 980
[05/Nov/2020 14:57:19] "GET /projects/ HTTP/1.1" 200 2
[05/Nov/2020 15:04:34] "OPTIONS /accounts/login/ HTTP/1.1" 200 0
[05/Nov/2020 15:04:34] "POST /accounts/login/ HTTP/1.1" 200 3
[05/Nov/2020 15:07:14] "OPTIONS /schedules/ HTTP/1.1" 200 0
[05/Nov/2020 15:07:14] "GET /schedules/ HTTP/1.1" 200 2
[05/Nov/2020 15:07:56] "GET /accounts/user/ HTTP/1.1" 200 980
[05/Nov/2020 15:07:56] "GET /projects/ HTTP/1.1" 200 2
[05/Nov/2020 15:07:58] "GET /schedules/ HTTP/1.1" 200 2
[05/Nov/2020 15:08:06] "OPTIONS /accounts/login/ HTTP/1.1" 200 0
[05/Nov/2020 15:08:06] "POST /accounts/login/ HTTP/1.1" 200 3
[05/Nov/2020 15:08:12] "OPTIONS /accounts/join/ HTTP/1.1" 200 0
[05/Nov/2020 15:08:12] "POST /accounts/join/ HTTP/1.1" 200 247
[05/Nov/2020 15:08:13] "GET /schedules/ HTTP/1.1" 200 2
[05/Nov/2020 15:08:20] "OPTIONS /projects/ HTTP/1.1" 200 0
[05/Nov/2020 15:08:20] "GET /projects/ HTTP/1.1" 200 2
[05/Nov/2020 15:08:21] "GET /accounts/user/ HTTP/1.1" 200 1096
[05/Nov/2020 15:08:23] "GET /accounts/user/ HTTP/1.1" 200 1096
[05/Nov/2020 15:08:26] "OPTIONS /projects/39/all_task_list/ HTTP/1.1" 200 0
Bad Request: /projects/39/all_task_list/
[05/Nov/2020 15:08:26] "GET /projects/39/all_task_list/ HTTP/1.1" 400 0
[05/Nov/2020 15:08:30] "GET /projects/ HTTP/1.1" 200 2
[05/Nov/2020 15:08:31] "GET /accounts/user/ HTTP/1.1" 200 1096
[05/Nov/2020 15:08:45] "POST /projects/ HTTP/1.1" 200 79
[05/Nov/2020 15:08:45] "GET /projects/ HTTP/1.1" 200 87
[05/Nov/2020 15:08:45] "GET /projects/37/members/ HTTP/1.1" 200 688
[05/Nov/2020 15:08:46] "OPTIONS /projects/37/all_task_list/ HTTP/1.1" 200 0
Bad Request: /projects/37/all_task_list/
[05/Nov/2020 15:08:46] "GET /projects/37/all_task_list/ HTTP/1.1" 400 0
[05/Nov/2020 15:08:47] "GET /projects/37/2020-11-05/task_list HTTP/1.1" 301 0
[05/Nov/2020 15:08:47] "GET /projects/37/members/ HTTP/1.1" 200 688
[05/Nov/2020 15:08:47] "GET /projects/37/2020-11-05/task_list/ HTTP/1.1" 200 2
[05/Nov/2020 15:08:47] "GET /projects/37/2020-11-05/meeting/ HTTP/1.1" 200 82
[05/Nov/2020 15:08:54] "OPTIONS /projects/37/2020-11-05/meeting/ HTTP/1.1" 200 0
[05/Nov/2020 15:08:54] "POST /projects/37/2020-11-05/meeting/ HTTP/1.1" 200 204
[05/Nov/2020 15:08:54] "GET /projects/37/2020-11-05/meeting/ HTTP/1.1" 200 219
[05/Nov/2020 15:10:57] "GET /accounts/user/ HTTP/1.1" 200 1096
[05/Nov/2020 15:10:57] "GET /projects/ HTTP/1.1" 200 2
